Started at Mon Feb 28 14:07:00 UTC 2022
Processing c-project
Offering c-project to Project Build Discarder
Processing c-project1
Offering c-project1 to Project Build Discarder
Processing hello_world
Offering hello_world to Project Build Discarder
Processing java-cal
Offering java-cal to Project Build Discarder
Processing test2
Offering test2 to Project Build Discarder
Finished at Mon Feb 28 14:07:00 UTC 2022. 2ms
Started at Mon Feb 28 15:07:00 UTC 2022
Processing c-project
Offering c-project to Project Build Discarder
Processing c-project1
Offering c-project1 to Project Build Discarder
Processing hello_world
Offering hello_world to Project Build Discarder
Processing java-cal
Offering java-cal to Project Build Discarder
Processing test2
Offering test2 to Project Build Discarder
Finished at Mon Feb 28 15:07:00 UTC 2022. 1ms
Started at Mon Feb 28 16:07:00 UTC 2022
Processing c-project
Offering c-project to Project Build Discarder
Processing c-project1
Offering c-project1 to Project Build Discarder
Processing hello_world
Offering hello_world to Project Build Discarder
Processing java-cal
Offering java-cal to Project Build Discarder
Processing test2
Offering test2 to Project Build Discarder
Finished at Mon Feb 28 16:07:00 UTC 2022. 0ms
Started at Mon Feb 28 17:07:00 UTC 2022
Processing c-project
Offering c-project to Project Build Discarder
Processing c-project1
Offering c-project1 to Project Build Discarder
Processing hello_world
Offering hello_world to Project Build Discarder
Processing java-cal
Offering java-cal to Project Build Discarder
Processing test2
Offering test2 to Project Build Discarder
Finished at Mon Feb 28 17:07:00 UTC 2022. 1ms
Started at Mon Feb 28 18:07:00 UTC 2022
Processing c-project
Offering c-project to Project Build Discarder
Processing c-project1
Offering c-project1 to Project Build Discarder
Processing hello_world
Offering hello_world to Project Build Discarder
Processing java-cal
Offering java-cal to Project Build Discarder
Processing test2
Offering test2 to Project Build Discarder
Finished at Mon Feb 28 18:07:00 UTC 2022. 4ms
